0.495094   0.490357   -0.490832
-0.323309   -0.356763   0.487597
-0.495812   -0.332997   -0.325121
-0.344719   0.489778   -0.345044
-0.167333   0.498006   0.472458
-0.0143735   -0.327556   0.488933
-0.166377   -0.342634   -0.332158
-0.000275202   -0.486737   -0.354863
0.15393   -0.494891   0.495494
0.324055   -0.304617   -0.498094
0.16904   -0.338392   -0.334335
0.336494   -0.491538   -0.350172
-0.491313   -0.168633   0.481309
-0.336245   0.00616514   -0.497159
-0.492838   0.00459146   -0.344296
-0.330327   -0.164689   -0.322285
-0.166364   -0.160988   0.498682
0.0012254   0.0146003   -0.482597
-0.170632   -0.0053104   -0.321128
-0.014697   -0.171326   -0.318937
0.159856   -0.165736   -0.481669
0.331997   -0.014098   -0.491023
0.153485   -0.0221565   -0.318916
0.336534   -0.160152   -0.334085
0.498349   0.167067   -0.495843
-0.338606   0.323541   -0.482452
-0.48329   0.343685   -0.328987
-0.344711   0.16404   -0.323367
-0.168669   0.164684   -0.478371
0.0122625   0.350892   0.490556
-0.151558   0.338682   -0.331797
-0.00255439   0.17927   -0.322936
0.183591   0.172071   0.48632
0.329606   0.342171   0.488176
0.174401   0.344033   -0.338855
0.32411   0.163335   -0.348435
-0.492098   0.488172   -0.158157
-0.299999   -0.321669   -0.174938
0.488722   -0.334782   -0.00979283
-0.332191   -0.47269   0.00386522
-0.170524   0.492845   -0.167415
-0.00619819   -0.348361   -0.161868
-0.162742   -0.331507   0.000605317
-0.0125768   0.488822   0.00363301
0.162297   -0.495549   -0.179879
0.333666   -0.344696   -0.169269
0.167175   -0.338526   -0.0104221
0.335829   -0.494906   -0.00249751
0.491854   -0.171979   -0.165095
-0.33378   0.0230081   -0.148878
0.486276   0.00395755   -0.00663804
-0.342467   -0.190643   0.0160851
-0.161444   -0.15832   -0.145139
0.00720924   0.0083483   -0.154856
-0.179285   0.0192196   0.0113273
0.00888522   -0.177631   -0.00607527
0.16885   -0.190815   -0.167643
0.327138   0.011489   -0.168551
0.17839   0.00311005   0.0113893
0.324705   -0.170275   0.00848807
-0.486406   0.192051   -0.153534
-0.319797   0.350374   -0.184639
-0.489594   0.337896   0.0125276
-0.329974   0.183069   0.0118689
-0.158607   0.187335   -0.173179
0.00902173   0.335003   -0.154188
-0.160909   0.313652   0.00153059
0.0219317   0.161051   -0.00240807
0.172458   0.168288   -0.15131
0.347855   0.333637   -0.174002
0.187242   0.344561   -0.0104702
0.340978   0.177136   0.00481921
0.484753   0.493994   0.166131
-0.319197   -0.33657   0.181658
0.49702   -0.35579   0.339771
-0.344239   0.474172   0.341147
-0.173827   0.477553   0.168693
-0.00930436   -0.355342   0.161168
-0.152157   -0.338062   0.316531
0.000709041   0.498443   0.31976
0.16639   -0.496116   0.153535
0.322931   -0.337732   0.173799
0.14182   -0.32863   0.330703
0.323035   -0.499481   0.345608
0.48798   -0.188625   0.176601
-0.346118   -0.0124113   0.146336
0.480848   0.000547226   0.3405
-0.331933   -0.136456   0.319722
-0.150895   -0.165222   0.136993
0.00328276   -0.018546   0.144652
-0.156364   0.00919574   0.345881
0.0057594   -0.164793   0.329405
0.163018   -0.187776   0.162874
0.344514   0.000467329   0.164883
0.172498   0.000916677   0.336098
0.31327   -0.159801   0.335033
-0.49563   0.17009   0.173319
-0.329135   0.320736   0.180599
0.487079   0.326609   0.329417
-0.325629   0.17844   0.339339
-0.181839   0.164795   0.174333
0.00822324   0.321221   0.15086
-0.160677   0.322939   0.345644
0.00389554   0.148128   0.319811
0.16393   0.188926   0.153263
0.325388   0.348099   0.169932
0.156634   0.328365   0.325928
0.322026   0.179288   0.318984
