0.105417   -0.918813   -0.371982
0.55957   1.75749   -1.69646
-0.198595   -0.677268   -1.25954
0.12505   1.61472   -0.126785
1.18772   0.00264523   -0.922609
1.34207   0.318176   -0.892939
-0.082272   0.483723   -0.0833846
0.430513   -0.21518   1.11645
-0.945565   0.605809   -0.455313
-0.600865   0.0633296   -0.390641
-0.400952   -0.847111   0.454943
-0.675258   0.510352   0.298404
0.570211   1.19178   1.55044
-0.290867   -0.0214151   0.256001
0.378217   -2.04896   0.0849707
-0.616061   0.832939   -1.07987
0.77848   -0.183547   2.70198
1.28521   0.723146   1.18395
-0.987938   -0.313648   0.423455
-1.00722   0.0958193   -0.670359
0.189697   -0.281292   -0.0629469
0.0774408   -0.776498   -0.979202
-1.52402   -0.0540611   -0.486921
0.977098   -0.731563   -0.301367
-0.64347   0.429523   0.16752
0.273634   -0.318337   0.304648
-1.27477   -0.534763   0.0804276
1.27064   -0.330485   -0.0284768
-0.074644   -0.201516   0.914137
0.60354   0.622729   0.890445
-0.692639   -0.973936   0.335509
0.202458   -0.865325   -0.501373
0.224502   -0.359348   -0.741905
-0.424657   -0.0183697   0.0192011
-1.09754   -0.561305   0.475203
0.213217   0.0208867   1.08812
-0.273899   1.41941   1.74517
-0.786543   -1.48195   0.172197
-1.41595   -0.984768   -0.188942
-0.690217   1.19925   -0.614061
-0.435807   0.273258   1.0247
0.864272   0.618538   1.76349
2.13772   -0.0538206   0.568327
-0.822787   0.870729   0.472837
-0.837665   1.34211   -0.576576
0.2255   -0.742889   -0.127326
1.32436   1.43955   -0.164884
0.331487   -1.07202   0.0506689
-0.285128   0.484813   0.322646
1.33574   -1.64988   0.00441802
-1.05657   0.613987   0.650952
-0.592467   -0.102806   -0.863693
0.243282   -0.175842   0.757964
0.732336   1.86385   -1.08391
0.619625   1.17973   -0.997298
-0.126413   2.21393   -0.355585
-0.8797   1.36925   0.00784267
-2.13999   2.246   0.0554799
-1.01517   -1.02709   -1.70953
-0.521203   -1.10168   -0.21941
1.4269   -0.0461779   0.546885
0.147735   0.0572545   -0.898115
0.428352   -1.22362   1.41126
-0.347588   -0.12739   0.511559
-0.391744   0.485001   0.58627
0.703011   -2.15801   1.01051
-0.142079   -0.630182   1.3204
-0.373761   -0.407939   -0.374834
1.23231   1.11481   -0.233172
-0.210974   -1.50731   0.640683
0.734086   -0.72658   -0.387533
-0.889813   -0.403198   -0.29841
-1.51381   -0.596666   -0.862295
-0.229211   -0.145484   -0.680359
-0.494822   -0.594485   -0.703985
-1.85295   -0.595186   0.445603
-0.171027   -0.533197   1.21836
0.735502   -0.189977   1.23018
-0.667806   -0.670737   -0.591626
0.24086   -0.123136   -0.788653
-0.368433   -1.39235   -0.982874
1.69667   -0.075913   -0.762918
1.67775   -0.59025   0.932219
1.23321   -0.0745934   -0.301437
0.910244   0.301494   -0.341864
0.0939935   0.150332   -0.0304293
-0.453864   0.716452   -0.550784
-0.0629946   0.848532   -0.190819
0.500703   -0.509337   -0.600258
-0.0142812   2.92463   0.13434
-0.217155   -0.520604   1.81207
0.101057   0.816229   -0.0460001
-0.426382   -0.49128   -0.578588
0.403447   -0.88924   -0.586177
0.0704224   0.17985   0.409346
0.0381656   1.7821   0.491896
-1.53828   -0.171264   -0.983555
-0.593204   0.502122   1.01716
0.14223   0.884249   -0.524329
0.385431   -1.65223   -0.158019
-1.16403   0.783261   1.3032
1.61574   -1.63248   -1.07128
-0.0490485   -0.0294252   -0.0348402
-0.252974   1.65588   -0.036987
0.778087   -0.432454   -0.742623
1.53995   -0.374049   -0.313992
0.569987   -0.759939   -0.91475
-0.171773   0.290481   -1.43965
