0.100392   0.906964   -0.0114841
0.499935   0.0263148   -1.98575
-0.965378   -0.990705   0.197679
-1.09825   -0.589053   -2.77787
-0.158678   0.0734793   -0.106077
-0.342187   0.905899   -0.492928
0.505365   -0.169361   -2.67477
-0.220792   -0.232885   0.000459746
0.245543   -0.832147   -1.92165
0.762498   -1.90002   -0.0740857
0.502266   1.51817   0.325589
0.782111   0.0278233   0.426209
1.40501   0.0501368   0.469281
-1.26645   -0.204156   1.26381
-0.482732   1.43832   0.906308
0.949855   0.801579   -0.764045
-1.05936   0.528927   -0.263768
-0.897302   0.716595   0.912754
1.38605   -1.99055   -0.199494
0.731105   0.430818   0.500083
-0.728943   1.22846   0.145258
1.3937   1.13663   1.99755
-1.91564   -1.80815   0.375393
0.920142   0.535489   0.599005
-0.185595   0.606456   0.726848
-0.403435   -0.0726172   -1.1845
0.118784   -0.184704   0.129993
-0.743539   -1.90921   0.632276
-1.64623   -0.715721   -0.489445
0.806003   1.29592   0.128838
0.19769   1.94817   -0.407531
-0.832572   1.54141   -0.544809
-0.769911   0.967321   0.653617
-1.15746   1.08718   1.50792
0.386152   -0.126544   -1.28775
0.38419   -1.04216   -0.47245
0.373443   0.992247   0.225031
-1.07165   -2.20724   0.812826
1.11518   1.15754   0.792087
1.65553   -1.9124   -0.364515
0.677529   0.516191   0.896855
1.76065   -0.929929   -1.28344
2.75951   -2.65482   -0.145731
-0.743009   3.23003   1.68475
1.99143   0.223604   1.36509
1.12126   0.588948   0.818344
-0.265304   0.114181   -0.393555
-1.2524   0.508488   -0.687208
-0.133615   -0.556342   1.40471
0.597356   -1.15069   -0.630991
-1.53259   1.66241   2.3759
-0.161863   -1.26291   0.294803
0.0419451   1.21002   1.17072
0.401366   0.812783   0.109957
-0.643687   -0.149594   0.444691
2.0178   0.136509   0.306604
-0.919757   0.439488   -0.403149
1.63797   0.392755   0.584708
0.56277   2.55037   -2.04075
0.992242   -1.21787   0.59315
-0.944512   -0.528604   1.2755
-0.421204   -2.11046   0.406682
-0.525439   0.692496   0.0656815
0.404384   0.949629   -0.123915
0.613108   0.3093   -0.646726
-1.44324   -1.29544   -0.611327
-0.344144   -1.21568   -0.875279
0.0968578   -0.758396   0.9824
-1.59866   2.12675   -1.00584
-1.42572   1.213   0.0687418
-0.394199   1.35297   0.445206
0.913465   -0.926535   -1.13959
-1.30492   1.69283   0.110609
-1.45685   1.25778   -1.4341
-0.219657   -0.242426   0.194964
1.76402   -1.48657   1.5492
-1.65579   0.522059   0.23413
2.16322   -1.67411   -0.720925
-1.91078   1.3484   1.26711
-0.870003   0.949732   -0.456313
-0.717871   -2.30086   1.33575
0.0194562   -2.21701   0.00613664
-0.125432   -0.0995874   0.185859
-1.78258   -0.600573   -0.787567
-0.59847   -0.251867   0.953717
-0.189897   -1.18443   -1.67343
0.899926   0.314986   0.482257
-0.561489   0.318141   0.748591
2.46304   1.55983   0.238852
-0.232875   -1.69287   1.6845
0.320051   0.478689   -0.524576
1.16147   -0.172227   -1.24333
-1.49801   0.187375   -1.78259
-0.904429   -0.380175   -0.420836
-0.179027   -2.50236   2.0717
0.603716   -1.2627   -0.38893
-0.687049   -2.32305   0.459799
1.81482   0.959918   -1.61567
1.71837   -0.0970542   -0.0762935
0.6265   -0.0782644   -0.333846
0.201268   -1.14356   -2.43772
0.591889   0.615159   -0.937278
-0.543331   1.13192   -1.04113
0.857618   0.688519   0.842027
-2.04932   1.16651   -1.40866
1.24407   -0.0656212   -0.489204
-0.0655895   0.0562063   0.490994
-2.01121   -0.779627   1.90335
