1.18876   -0.84624   0.533568
0.641018   -0.300609   1.04734
-2.10608   1.41347   -0.493079
1.42899   -0.0574353   0.123638
-1.06259   0.0111806   -1.48358
-0.020705   0.536971   0.192394
0.567289   0.669702   0.805881
-0.529507   0.113418   -0.781066
-1.72861   1.72774   -0.715487
0.302409   -0.0505123   0.855069
2.07604   -1.00367   -0.470596
0.600135   0.950311   0.441635
0.0471541   -1.09495   1.17202
-0.426492   0.646887   -0.502776
-1.22454   -0.216485   -1.16346
-0.0871343   -0.729356   0.169789
1.16994   0.31331   -0.39076
0.250717   -0.0275341   0.722755
1.27347   -0.652199   0.0692149
0.275976   0.383692   -0.651689
-0.660345   -0.967641   -2.15369
-0.656699   -0.739038   -0.0800526
-1.61134   0.93024   0.297968
-1.05404   -0.889411   -0.29042
0.400338   0.2171   -0.115805
-0.213954   -0.0524054   -0.651408
-0.486123   0.0716668   -0.745226
-0.133824   0.0144526   1.07407
-0.765375   0.778882   1.21563
1.88967   -0.597461   -0.794996
-1.23532   0.018396   -0.375374
-0.277949   0.56134   -0.172457
-0.415143   -0.736288   0.341728
0.202322   -0.0346796   -1.31865
0.896628   -0.0800049   -0.788166
-0.252447   0.0438666   1.22572
-0.543603   0.255346   -0.671677
-0.192366   -1.71303   0.798377
0.762434   1.90279   -1.45343
0.27851   -0.950771   0.956638
0.738514   0.868335   -0.129373
-0.40387   -0.39042   0.176513
0.398091   -0.835211   1.02666
0.0742379   -1.14823   -0.335685
0.502434   0.547213   0.837332
-2.48653   0.49984   0.437708
0.989122   0.138721   1.48198
1.66236   0.178251   -0.193613
0.732652   -0.804341   1.10974
0.682595   -1.01631   1.19229
0.451478   -0.334281   1.87893
-0.174202   -0.608883   0.399533
1.48619   -0.00253037   -0.998405
0.885077   0.1632   -0.0970434
-0.925799   -0.970632   -0.662224
-0.178367   1.15606   -1.33695
-1.94178   -0.576316   -1.82943
-0.539105   -0.478323   -0.568539
1.1497   -1.41601   0.44992
-0.288413   0.157669   1.80918
2.24752   -1.42545   1.08415
-0.0564594   1.65139   -2.50559
-0.725482   -0.828734   1.13521
0.267631   -0.331445   -0.662705
-0.711081   -0.58556   -1.44538
-0.565488   -0.855466   0.90469
0.648745   -0.0698216   1.40932
-1.51246   -0.317215   0.356272
-0.823079   1.47661   -0.497796
-1.61783   0.256122   0.600861
-1.08405   -1.07962   0.10427
1.45916   0.440138   -0.165277
1.02871   0.404911   0.720482
1.31831   0.550991   1.6667
-1.41993   0.374201   -0.0836827
-0.817026   1.14414   1.09089
-0.438049   -0.739464   0.715033
0.794914   -0.793866   -0.0799838
-0.36216   -0.564914   0.418105
-0.795009   1.17502   0.84651
1.17341   0.11172   -0.0721127
1.07071   0.167726   -0.207903
0.323057   -0.380597   -0.374197
-0.605883   1.64261   0.0989355
0.329437   0.449072   -1.32698
1.00531   -1.8337   0.0399838
-0.720965   -1.18763   -0.762251
-0.212169   0.462746   -1.42512
-1.05825   1.32153   -0.772047
-0.212505   0.203785   0.523322
-1.43523   0.0665177   0.0121422
-0.250963   0.47483   0.315264
0.0364207   0.752354   -0.166255
0.575338   -0.39516   0.42723
-0.451999   -0.328822   -0.208754
0.130703   -1.04104   -0.376224
0.439963   0.95993   -0.927283
-0.271002   0.778681   -0.376297
-0.494107   0.115162   0.790243
-0.447331   -0.838249   0.477703
0.26051   0.617612   -0.0668628
-0.625916   0.270514   -0.227466
0.407031   0.0387001   0.031382
0.656367   -0.0670009   -1.2344
2.17089   -0.977503   0.395819
-0.797714   -0.0396186   0.70572
0.119756   1.8243   -0.445045
0.666241   2.00072   -0.888746
