0.0315149   -0.44374   -0.380778
-0.412824   -0.297004   -0.262514
-0.48486   0.295153   -0.226866
-0.213323   0.150308   0.0952204
0.0274571   -0.251231   -0.319868
-0.159011   -0.259851   -0.405656
-0.370437   -0.345815   -0.483914
-0.211818   -0.296672   -0.215193
-0.404669   -0.0675905   0.0100689
-0.438586   0.0833195   0.154019
0.46033   -0.491367   0.247111
0.466263   -0.120807   0.159469
0.0715678   0.133102   -0.0193795
-0.353148   0.412961   -0.47156
-0.155621   0.107369   0.497137
-0.391124   0.179216   -0.106503
0.305904   -0.0165058   0.0947408
-0.0417712   0.206012   0.34323
-0.388523   -0.218649   0.370558
0.259127   -0.246649   -0.453097
-0.199579   -0.273888   0.163056
0.0963095   -0.192367   0.494731
-0.348605   -0.483376   0.348492
-0.35825   -0.148339   -0.403145
0.0187853   0.163801   -0.453031
-0.24906   0.283712   0.364079
-0.452832   0.176928   0.344871
0.325317   0.286123   -0.110189
0.41723   -0.387048   -0.425475
0.313768   0.387429   0.110645
0.338755   -0.187054   0.335428
0.377355   -0.417469   -0.229053
0.0463234   0.069223   0.201451
-0.0141003   -0.0282164   -0.131694
0.0971531   0.286429   0.171684
-0.176831   0.27764   -0.32529
-0.436913   0.343505   0.243562
0.0181548   -0.468906   0.415179
-0.00909361   -0.244516   -0.12506
-0.190756   -0.092845   -0.26586
-0.218575   -0.17914   -0.0157638
0.250101   -0.453262   -0.494352
-0.36199   -0.107874   -0.200186
0.204243   0.165137   -0.363966
0.39938   0.137978   0.496359
-0.418083   -0.487507   -0.294584
0.342986   -0.0659189   -0.12978
0.169441   0.33252   0.45398
0.402892   -0.199489   -0.279241
-0.186301   -0.0915931   0.488961
0.453197   -0.212534   -0.0309512
-0.165599   0.19784   -0.126438
0.138122   0.014755   0.496341
0.151427   0.345347   -0.0554521
-0.228857   0.0147023   -0.0816292
0.0870639   0.327079   -0.338257
-0.0945442   0.362869   0.222939
0.209991   0.48289   0.296117
0.347059   0.312423   0.28253
0.481742   0.26262   0.0263662
-0.352369   -0.330729   -0.0076202
0.301601   0.49815   -0.0438628
0.258821   -0.310261   -0.0929927
0.039304   0.152753   -0.221052
0.0164905   -0.0495915   -0.353803
-0.349977   0.037821   0.477577
-0.44436   0.458462   -0.0790031
-0.0644811   -0.114727   0.11001
0.324605   0.319698   -0.377852
0.259574   0.122283   -0.155231
0.109584   -0.219157   0.193331
-0.459512   0.248835   -0.427277
0.450047   -0.165876   -0.486829
-0.313387   -0.0803993   0.184081
0.469579   -0.432655   0.0583979
-0.0186117   -0.179672   0.317402
0.16568   -0.121549   -0.197687
0.0886886   -0.440647   -0.0938613
0.29141   -0.00938443   -0.345971
0.449948   -0.354629   0.395951
0.174611   -0.310146   0.34912
-0.146215   0.399645   -0.0458902
-0.249503   0.0599776   0.306063
-0.0289213   0.430602   -0.207417
0.405822   0.414804   0.461167
-0.221942   0.492663   0.143971
-0.329886   0.331474   0.0267631
-0.269303   0.427514   -0.212749
0.147384   -0.421028   0.108557
0.191291   -0.0536942   0.293198
0.359343   0.123616   0.280036
-0.0307924   0.00597519   0.367577
-0.195556   -0.30318   0.380695
0.336344   -0.344558   0.185865
0.443879   0.068229   -0.0139295
0.188033   -0.416853   -0.271791
0.256758   0.176042   0.0860038
-0.0460993   -0.443425   0.19011
0.141137   -0.18027   0.00487026
0.158178   0.159943   0.332886
-0.184959   -0.458506   0.48241
0.469438   0.0628005   -0.206817
-0.409719   -0.344047   0.224297
0.477478   -0.033675   0.368285
-0.343023   0.136608   -0.304606
-0.113698   -0.376464   0.00565353
-0.0671578   0.351366   0.491956
0.491096   -0.00526443   -0.383684
