1.02871   1.43192   1.29843
-1.55695   1.34769   1.49808
0.64848   0.245083   0.0719671
-0.332064   -1.06426   -0.0747426
-0.385701   -0.333673   -0.37051
0.0336563   -1.28647   -0.740433
0.838748   -0.96728   -0.00403956
-0.144109   -0.626395   -0.461665
0.9633   -0.329926   -0.199641
1.65831   1.23355   0.310585
-1.44321   -0.824338   -0.963378
0.862032   -1.99726   0.518911
0.27116   0.217937   0.0109009
0.248214   0.6942   1.0618
-0.540325   0.0920221   0.470691
0.856646   0.053431   -2.76047
1.43334   -0.82668   -0.346309
-1.07812   -0.0104529   -1.0522
-0.852467   1.30108   0.802057
0.879224   0.804254   1.46835
-0.648935   -0.194331   1.14395
1.68504   1.55594   1.33792
0.449306   -2.75913   0.00187427
-1.35588   0.572341   -1.74634
-0.543163   -0.388156   1.20545
0.186486   1.00345   0.220086
2.16385   -0.900702   -0.419653
0.215909   1.6766   1.8221
1.31444   -2.31436   0.386612
1.19935   -0.408891   0.973246
-1.70695   -1.26001   0.237842
1.44762   -0.552868   0.0540989
1.02352   -0.296492   -1.16563
0.557412   -0.0500981   -1.02367
-0.789009   -1.10329   1.64049
-0.106033   -0.279368   0.520148
-1.52149   0.605092   -0.914351
1.66634   -1.57822   -0.504453
-0.164154   0.900979   -0.399341
2.63519   -1.39619   -0.162228
1.08285   0.560032   -1.3326
0.411038   -1.62636   -1.33678
0.0612926   -0.966625   2.69857
-1.74042   0.345437   -0.0711551
0.362737   1.1018   1.5171
1.5906   0.725388   -0.41872
-1.4042   -0.437789   -1.44267
0.103285   -0.123395   0.270045
0.276213   -0.0837694   -1.01899
-0.998636   0.710844   1.73917
0.924025   0.500742   -0.13878
-1.71641   -1.50288   -0.00801622
-0.52705   0.522376   0.850649
0.19712   0.542474   1.90962
-0.735829   0.220901   0.488427
0.686589   -0.18694   -1.32219
0.361166   -0.174459   1.10118
0.624725   0.210385   -0.682533
-0.651653   -0.295061   0.252247
-0.500986   -0.948223   -2.49171
0.137074   0.557464   0.104735
-1.86318   0.833564   0.717362
-1.7482   0.421243   -0.578013
-3.24101   -0.582541   -0.301654
0.591758   0.659234   -0.548905
0.943533   1.2637   -2.2796
0.0494962   -0.136298   -0.591353
0.623889   -0.779256   -1.49621
1.39672   1.09011   -1.07635
-0.624237   0.00267034   1.02199
-0.355496   -0.76853   1.21744
-0.250958   -0.636321   -0.00607164
0.126897   0.518603   -0.0991965
-0.963021   0.889365   -0.821383
-0.895959   1.61201   -0.971677
-2.624   0.167049   0.401845
-0.187052   0.69106   0.281616
0.214123   -0.873808   -0.336008
-0.382153   1.40801   -0.588507
-2.00888   0.973268   0.0446475
0.284858   0.195245   1.48713
0.836292   1.49727   -2.62525
-0.223834   -2.45165   -0.581698
1.0944   0.363471   -2.02298
0.535964   2.38709   0.723957
-1.15497   0.0877673   -0.474184
0.235189   0.30539   0.300356
-0.411129   -0.637897   0.608164
-0.975717   -0.320685   0.470619
0.755613   -0.388806   -0.146076
-1.62407   -1.12903   -0.104093
-0.533895   -1.12722   0.857893
-0.882578   -0.788022   -2.64166
1.08656   -0.28066   2.32169
-0.40469   0.923942   2.21805
0.731317   0.241725   1.255
-0.34263   -0.450344   0.113606
1.55666   0.141203   1.6351
-1.54352   -0.45409   -0.389283
0.376104   0.304289   0.355999
-0.957462   0.27346   -1.33426
-0.330137   1.45131   -0.330485
0.499552   0.0845766   -0.085226
1.04068   1.54458   0.396407
0.215392   1.02179   2.04873
0.955594   -1.28367   -1.05802
0.585526   -0.596371   -1.81822
0.151388   0.693133   0.414587
