-0.480827   0.232486   0.32063
-0.370909   -0.219012   -0.344491
-0.473768   -0.408841   -0.441607
-0.274407   -0.478861   -0.343815
-0.152069   -0.387906   0.326766
0.0202349   -0.290271   0.465918
-0.136584   -0.3003   -0.33328
-0.0649469   0.437622   -0.406886
0.171165   0.387875   -0.464905
0.331282   -0.316588   -0.477339
0.115562   -0.431941   -0.391876
0.338268   0.405922   -0.376073
-0.443117   -0.153853   0.391436
-0.297263   -0.012024   0.487513
-0.417695   -0.0310087   -0.338942
-0.230947   -0.0933209   -0.255878
-0.171344   -0.185488   0.494657
0.0428988   -0.194622   -0.309972
-0.134503   -0.00356527   -0.0938028
0.0325341   -0.0736717   -0.0991681
0.221335   -0.146515   0.468366
0.363149   0.0455426   0.444703
0.248091   -0.20607   -0.330712
0.437383   -0.134182   -0.44241
-0.470456   0.145853   -0.465201
-0.247825   0.347688   -0.418789
-0.435053   0.403664   -0.44395
-0.29941   0.1357   -0.312792
-0.140441   0.0304481   -0.382997
-0.0164097   0.391434   0.396631
-0.290828   0.368269   -0.207597
-0.0965841   0.217713   -0.305778
0.0732762   0.217936   0.492568
-0.416936   0.449522   0.366202
0.196166   0.253511   -0.275673
0.303083   0.243486   0.446301
-0.471914   -0.473085   -0.213453
-0.307916   -0.331056   -0.183722
0.438424   -0.232918   -0.00690377
-0.377174   0.457875   -0.0330029
-0.0935409   -0.481534   -0.215396
0.0255934   -0.39441   -0.0833228
-0.157925   -0.417793   -0.0044171
-0.00838092   0.423198   0.0196395
0.213645   0.45927   -0.220182
0.278454   -0.34582   -0.0818596
0.120149   -0.340644   0.0845777
0.241102   0.44038   0.00875513
0.413095   -0.295254   -0.253373
-0.438919   -0.170026   -0.165664
0.450964   -0.0480269   0.0588511
-0.395757   -0.336499   0.0209273
-0.11965   -0.244402   -0.138108
0.113068   0.0788212   -0.00623846
-0.0556361   -0.0411688   0.100488
-0.0436054   -0.254409   0.0430111
0.226188   -0.119563   -0.0131421
0.319935   0.131148   -0.36057
0.273286   0.087278   -0.157602
0.370909   -0.0861607   -0.215175
-0.489218   0.298279   -0.267666
-0.418853   0.265765   0.0129026
0.433898   -0.465828   -0.00335813
-0.263297   0.106663   0.0939171
-0.150572   0.190562   -0.0983837
0.044812   0.366206   -0.162395
-0.204554   0.370842   0.00384524
-0.041271   0.240089   0.0893605
0.149803   0.0249416   -0.302355
0.353746   0.330113   -0.108236
0.162493   0.246933   -0.0624961
-0.482654   0.131096   -0.120182
-0.496611   0.469917   0.172728
-0.42031   -0.323479   0.213288
0.393062   -0.25294   0.311021
-0.295743   -0.342275   0.48013
-0.271886   -0.472488   0.188923
-0.0277714   -0.195086   0.241769
-0.241626   -0.183398   0.288003
0.0304868   -0.398709   0.250105
0.164653   0.49365   0.178513
0.33941   -0.444363   0.181193
0.17449   -0.440255   0.390828
0.355655   0.451156   0.394839
0.306312   -0.232047   0.138289
-0.301956   -0.104503   -0.0274475
-0.47182   0.049257   0.349034
-0.387458   -0.0286135   0.176952
-0.230265   -0.244964   0.0952084
0.0184541   0.1368   0.277525
-0.172962   0.0416195   0.253396
0.0179611   -0.0740076   0.456654
0.127843   -0.034663   0.199912
0.312528   0.121471   0.0545559
0.3439   -0.0455032   0.2263
0.171177   -0.211789   0.290844
0.490811   0.132218   0.126588
-0.280753   0.317456   0.181532
0.341072   0.159173   0.266327
-0.298383   0.227152   0.423147
-0.133771   0.2545   0.294996
-0.0897549   0.438919   0.218403
-0.223906   0.399141   0.390994
-0.10405   0.140222   0.448217
0.208038   0.285776   0.132879
0.392269   0.338389   0.103965
0.151592   0.299203   0.313749
0.168479   0.0555715   0.419814
