-2.79315   0.148331   1.04457
-0.642117   -1.18565   1.34152
-0.418989   -0.527386   0.258359
1.01932   2.11691   0.506473
-0.031507   1.08028   -1.38586
1.01958   0.888281   -0.818084
-0.427455   0.364059   -0.16768
-1.85245   -1.74423   -0.238157
1.76152   -0.364053   -0.588601
-1.76048   -0.0410791   -0.248697
0.757607   -0.264853   1.73458
-1.13394   -0.733752   -1.70242
0.498607   0.0161078   0.79592
0.260603   1.43292   -0.152929
0.78926   0.499761   0.0125554
-0.709288   -0.692199   0.139598
-0.821852   -0.402133   0.269537
-1.64456   -1.39767   -0.773446
-1.42672   -1.61957   0.17137
-0.430181   0.381045   0.388258
0.134993   -1.1767   0.691536
0.441214   -1.23196   -0.824145
-0.255237   -0.132726   -0.856439
1.16005   0.488411   0.851159
-0.589402   -0.128585   -0.832309
0.15831   -0.735369   -0.316055
-1.13682   1.23184   -0.581568
-0.268345   -0.207582   -0.155517
1.37458   -0.66333   -0.0713354
1.99195   -0.0893446   1.42717
0.86919   0.523985   0.711843
-1.58257   -2.57237   1.15311
1.62449   0.0507582   0.0624622
1.16771   0.22537   -0.647443
-0.831668   -1.46352   -0.608214
-0.415523   -0.764947   -0.579149
0.19244   1.20791   -0.706438
-0.103246   -0.247273   -0.183024
-1.20633   0.36493   -0.274708
0.923304   -0.700871   -0.842406
0.506679   -1.43872   0.134105
-0.217886   -1.00941   0.445806
0.636827   -0.868073   -0.644849
-0.108816   0.609337   -0.762956
1.27563   0.139567   -0.422652
0.689302   1.51161   1.23596
0.953981   0.174555   0.787786
-1.04463   0.466385   -0.0921731
-0.426004   -1.43089   1.56115
-1.10394   -0.531801   0.928198
-1.68715   -0.612038   0.390641
0.656274   -1.24457   0.558962
0.702901   -0.440602   -0.37406
-0.110369   3.31606   -0.73047
0.516146   1.3138   0.162301
-0.697577   -0.736277   -0.056897
0.278774   1.68275   0.620024
1.01448   -0.473736   -2.11158
1.83231   0.0464675   0.288652
2.56332   2.03099   0.856717
-0.500265   1.43789   -2.00042
2.10879   -0.143069   0.17565
-0.797258   -1.58792   0.975284
-0.452695   0.206253   -0.98423
1.30414   -0.156715   0.524361
0.355247   -0.795332   -0.349119
-0.261559   0.0740767   -0.175198
-1.11479   -0.572081   2.26363
0.394097   -0.444904   -1.03053
-1.35792   -0.412327   -0.275398
-0.362599   0.273409   -0.373204
1.40538   -0.964163   -1.4373
-1.04038   -0.773297   -1.50393
-0.48474   1.59976   0.575462
0.309572   0.767456   -0.312403
1.51558   0.108984   2.08589
-1.46131   -0.784468   0.379202
0.47128   0.69549   -0.000456195
0.401867   1.65278   -0.607831
0.219193   0.983786   0.0468927
-1.6336   -0.143797   -1.9036
-0.317727   -1.05568   1.22987
1.86461   1.11563   0.407843
1.09593   1.49618   0.981902
-0.84734   -0.499332   -1.13908
2.24751   1.31913   0.848689
1.10492   0.341314   -1.54495
0.0254548   0.236775   -0.150527
-1.33601   -0.355281   -1.55087
0.0986139   1.46022   0.910772
-0.519812   0.701511   0.160574
0.819419   -0.100473   1.45164
-0.0188542   -0.946372   1.86836
-1.09943   2.70631   -0.658822
1.62144   -0.405147   -0.83231
1.41408   0.997018   -1.06875
-0.741576   0.0670649   -0.14956
-0.468184   -1.19204   0.152438
-0.675115   1.37724   1.568
0.787299   0.288406   -0.167965
-2.22498   1.64505   1.56927
-0.750958   -0.567353   -0.521896
0.321782   -2.24895   0.0444373
0.158847   0.139985   0.319692
0.752867   0.16468   -1.31442
-0.314644   -1.67706   2.61827
-1.22589   -0.667686   -1.63391
-2.68345   0.197908   -0.251534
