0.112705   -0.0491168   -0.339773
-0.222273   -0.0811402   -0.416656
-0.0887189   0.479351   0.259452
0.298573   0.303573   -0.235551
-0.405825   -0.271307   0.305023
0.259681   -0.133217   0.333321
0.420171   0.345912   0.203376
-0.331716   0.417241   0.294608
-0.182728   -0.139386   -0.165634
-0.125684   0.0687282   0.484555
0.0372428   -0.0485185   -0.494712
0.104422   -0.0492822   0.101629
-0.252595   -0.180187   -0.46997
-0.101016   -0.131868   0.474471
-0.35132   0.288902   -0.479552
-0.125082   0.377667   -0.135363
-0.494979   -0.103322   -0.467525
-0.394344   0.183782   -0.417846
-0.225323   -0.48133   -0.292641
0.211689   0.178576   0.00393142
-0.33534   -0.359016   0.0592409
-0.0600414   -0.0278664   0.339844
-0.250567   -0.0673986   0.0278183
-0.281927   -0.320883   -0.176538
-0.236549   0.265581   -0.397983
0.225656   0.423261   -0.427544
0.0683556   -0.106553   -0.265148
-0.275875   0.0116604   -0.405674
0.409698   -0.19493   -0.439136
0.402636   0.390913   -0.0898472
0.382707   -0.221624   0.07937
-0.335435   0.350216   0.390972
0.0374307   0.394632   0.0368138
0.0871983   -0.461031   0.499441
-0.19426   0.32716   -0.276232
0.173731   0.130943   0.349927
0.352667   0.157076   -0.209654
-0.486639   0.377324   -0.31924
0.225377   -0.458722   0.18674
-0.105963   -0.499582   -0.304005
-0.25333   -0.152246   0.302446
0.243593   0.24586   0.408216
-0.434753   0.262305   -0.256607
-0.491299   -0.37757   -0.029264
0.397462   -0.135538   0.443807
-0.383492   -0.263592   0.0266668
0.302449   0.157116   -0.383732
0.323629   -0.254973   0.447249
-0.435053   -0.0523428   -0.495911
0.324532   -0.0644145   -0.349122
-0.258519   -0.418619   -0.133956
-0.226618   -0.109642   0.371287
0.260846   -0.221376   0.373191
-0.0956959   0.105366   0.0293727
-0.025544   0.37122   -0.44502
0.294285   0.104881   -0.31958
0.438847   -0.0649176   -0.375164
-0.215253   0.399634   -0.421607
0.272842   0.00454997   -0.379337
0.36019   0.195818   0.165044
0.182938   -0.0917119   0.361896
0.382566   -0.290217   -0.425686
-0.464331   -0.0360007   -0.422098
0.330364   -0.158632   -0.478622
0.0893926   0.338379   0.0194159
0.483702   -0.401593   0.0627646
-0.165917   -0.100265   0.499719
0.424195   -0.17351   0.309095
0.234136   0.469473   0.401484
0.0208992   -0.413554   0.365991
0.46365   0.168963   0.345532
0.263564   0.160497   -0.251199
0.0468385   -0.150555   -0.355986
-0.238023   -0.0382085   0.459626
-0.456879   -0.291786   0.371181
0.426566   0.251351   -0.141268
-0.051862   0.375809   0.13997
-0.254459   -0.385385   -0.457844
0.190395   -0.486556   -0.414926
0.24806   0.247279   0.0998693
0.33644   0.0749783   -0.395833
-0.157734   -0.232155   0.314656
0.449302   -0.397915   -0.187928
0.128121   -0.289445   0.356742
0.0469624   0.422684   -0.278771
-0.0093068   0.265981   0.157072
-0.090952   -0.457724   -0.0682432
0.198217   0.346526   0.457211
0.171134   -0.197261   -0.166844
-0.141777   0.35419   -0.392641
-0.149449   -0.252995   -0.340433
0.355097   0.42075   -0.162798
-0.147415   0.420714   -0.203084
0.269986   0.365033   -0.151651
0.341627   -0.179748   0.38368
0.357079   0.35188   -0.264643
0.0223708   0.0455843   0.112996
0.425201   -0.100692   0.0205379
0.220866   0.232844   -0.288724
-0.0898372   -0.0655321   0.00976595
-0.164347   -0.392084   -0.492559
0.390473   -0.188786   -0.0816905
0.147978   0.0272294   0.156044
0.161122   -0.363162   -0.436095
0.282381   -0.148175   -0.121266
0.124065   0.480546   -0.26131
0.13683   0.411021   0.106007
-0.115111   0.234225   -0.451371
