-0.483005   -0.48335   0.487946
-0.333476   -0.322795   0.489907
-0.499699   -0.341553   -0.329897
-0.326397   -0.485212   -0.343156
-0.165411   0.491873   0.493592
-0.00916135   -0.318001   -0.49829
-0.175081   -0.313138   -0.337972
0.0108578   -0.497244   -0.352474
0.171143   -0.497555   -0.497087
0.312378   -0.3335   0.495083
0.171349   -0.329093   -0.352391
0.333844   -0.499455   -0.335979
0.483875   -0.162653   -0.4998
-0.344073   -0.00189632   -0.485701
0.49816   -0.0148763   -0.324743
-0.347852   -0.173159   -0.325356
-0.16716   -0.178587   0.459269
-0.00673496   0.000598761   -0.483326
-0.179182   -0.0336016   -0.347601
0.00217946   -0.174009   -0.32377
0.157413   -0.1596   -0.486399
0.326285   0.0280713   0.497406
0.165333   0.00589382   -0.332421
0.344323   -0.173293   -0.341048
0.496415   0.172141   -0.49269
-0.32578   0.356564   0.499969
-0.481865   0.343906   -0.322836
-0.3261   0.176139   -0.341042
-0.173578   0.16298   0.499544
-0.0142245   0.32626   -0.492979
-0.179628   0.344399   -0.331115
-0.0271305   0.168841   -0.327009
0.145251   0.18352   0.496171
0.33118   0.334583   0.496739
0.170623   0.339395   -0.348658
0.334508   0.15483   -0.332268
-0.477596   0.496377   -0.172049
-0.322674   -0.331264   -0.166379
0.497246   -0.32759   0.0185905
-0.316661   0.491069   -0.0109236
-0.180595   -0.497919   -0.186888
0.00193584   -0.337425   -0.157152
-0.162863   -0.339394   -0.00869996
0.00235476   -0.499652   -0.024046
0.169676   -0.499702   -0.189442
0.33899   -0.334919   -0.170784
0.176529   -0.345891   0.00418901
0.33701   -0.493204   0.0020233
-0.492081   -0.176255   -0.160654
-0.328675   -0.0182189   -0.151054
0.492632   0.000315481   0.0103072
-0.34992   -0.185708   0.0147002
-0.167761   -0.162808   -0.132329
0.00782784   0.00507123   -0.163759
-0.160985   0.0192954   0.0139604
0.00892678   -0.179598   0.0168035
0.18029   -0.172517   -0.17226
0.329247   -0.0106274   -0.148825
0.175423   -0.00849767   0.0099214
0.327565   -0.175174   -0.00568635
-0.491547   0.161003   -0.186859
-0.322687   0.322451   -0.150834
0.498807   0.320321   -0.0217191
-0.33572   0.156081   -0.00159565
-0.185596   0.140934   -0.167911
-0.000772561   0.35329   -0.180979
-0.150136   0.31804   0.0107277
0.0156718   0.161943   -0.00849691
0.162932   0.175935   -0.18166
0.327424   0.336055   -0.174252
0.169925   0.349097   -0.00868991
0.326659   0.170567   -0.006679
-0.486418   0.487316   0.17647
-0.321065   -0.336724   0.166193
0.495019   -0.331266   0.335498
-0.325097   0.489038   0.324171
-0.164637   0.494552   0.149469
-0.0118735   -0.347666   0.161867
-0.183346   -0.356808   0.326793
0.00625297   -0.48689   0.354149
0.15966   -0.487523   0.148109
0.348753   -0.349222   0.179719
0.162368   -0.322968   0.329483
0.34926   -0.494804   0.346225
0.481767   -0.173226   0.163601
-0.329105   0.00786381   0.17611
0.499369   -0.00697584   0.352182
-0.351549   -0.176123   0.319895
-0.17467   -0.151456   0.190039
-0.00735002   -0.00538891   0.164406
-0.157656   -0.000352192   0.330024
0.0110463   -0.163928   0.343729
0.160777   -0.169966   0.164604
0.332355   -2.04768e-05   0.182207
0.157193   -0.00220111   0.331326
0.31936   -0.149893   0.343469
-0.494288   0.148443   0.177545
-0.315861   0.331415   0.157322
0.494966   0.336522   0.344224
-0.327346   0.179109   0.34234
-0.143711   0.176302   0.172129
0.0100537   0.338501   0.157003
-0.158925   0.345426   0.333078
-0.00567574   0.175963   0.331587
0.154602   0.181866   0.160763
0.338826   0.336235   0.168825
0.151459   0.325158   0.328984
0.335105   0.18079   0.346229
